This file contains any messages produced by compilers while
running configure, to aid debugging if configure makes a mistake.

It was created by Bino configure 1.5.0, which was
generated by GNU Autoconf 2.69.  Invocation command line was

  $ ../configure 

## --------- ##
## Platform. ##
## --------- ##

hostname = yukiko
uname -m = x86_64
uname -r = 3.13.1-yuna
uname -s = Linux
uname -v = #1 SMP Sun Feb 2 00:00:40 CET 2014

/usr/bin/uname -p = unknown
/bin/uname -X     = unknown

/bin/arch              = unknown
/usr/bin/arch -k       = unknown
/usr/convex/getsysinfo = unknown
/usr/bin/hostinfo      = unknown
/bin/machine           = unknown
/usr/bin/oslevel       = unknown
/bin/universe          = unknown

PATH: /usr/lib/x86_64-linux-gnu/qt4/bin
PATH: /usr/local/bin
PATH: /usr/bin
PATH: /bin
PATH: /usr/local/games
PATH: /usr/games


## ----------- ##
## Core tests. ##
## ----------- ##

configure:2798: checking build system type
configure:2812: result: x86_64-unknown-linux-gnu
configure:2832: checking host system type
configure:2845: result: x86_64-unknown-linux-gnu
configure:2865: checking target system type
configure:2878: result: x86_64-unknown-linux-gnu
configure:2955: checking for gcc
configure:2971: found /usr/bin/gcc
configure:2982: result: gcc
configure:3211: checking for C compiler version
configure:3220: gcc --version >&5
gcc (Debian 4.8.2-16) 4.8.2
Copyright (C) 2013 Free Software Foundation, Inc.
This is free software; see the source for copying conditions.  There is NO
warranty; not even for MERCHANTABILITY or FITNESS FOR A PARTICULAR PURPOSE.

configure:3231: $? = 0
configure:3220: gcc -v >&5
Using built-in specs.
COLLECT_GCC=gcc
COLLECT_LTO_WRAPPER=/usr/lib/gcc/x86_64-linux-gnu/4.8/lto-wrapper
Target: x86_64-linux-gnu
Configured with: ../src/configure -v --with-pkgversion='Debian 4.8.2-16' --with-bugurl=file:///usr/share/doc/gcc-4.8/README.Bugs --enable-languages=c,c++,java,go,d,fortran,objc,obj-c++ --prefix=/usr --program-suffix=-4.8 --enable-shared --enable-linker-build-id --libexecdir=/usr/lib --without-included-gettext --enable-threads=posix --with-gxx-include-dir=/usr/include/c++/4.8 --libdir=/usr/lib --enable-nls --with-sysroot=/ --enable-clocale=gnu --enable-libstdcxx-debug --enable-libstdcxx-time=yes --enable-gnu-unique-object --disable-libmudflap --enable-plugin --with-system-zlib --disable-browser-plugin --enable-java-awt=gtk --enable-gtk-cairo --with-java-home=/usr/lib/jvm/java-1.5.0-gcj-4.8-amd64/jre --enable-java-home --with-jvm-root-dir=/usr/lib/jvm/java-1.5.0-gcj-4.8-amd64 --with-jvm-jar-dir=/usr/lib/jvm-exports/java-1.5.0-gcj-4.8-amd64 --with-arch-directory=amd64 --with-ecj-jar=/usr/share/java/eclipse-ecj.jar --enable-objc-gc --enable-multiarch --with-arch-32=i586 --with-abi=m64 --with-multilib-list=m32,m64,mx32 --with-tune=generic --enable-checking=release --build=x86_64-linux-gnu --host=x86_64-linux-gnu --target=x86_64-linux-gnu
Thread model: posix
gcc version 4.8.2 (Debian 4.8.2-16) 
configure:3231: $? = 0
configure:3220: gcc -V >&5
gcc: error: unrecognized command line option '-V'
gcc: fatal error: no input files
compilation terminated.
configure:3231: $? = 4
configure:3220: gcc -qversion >&5
gcc: error: unrecognized command line option '-qversion'
gcc: fatal error: no input files
compilation terminated.
configure:3231: $? = 4
configure:3251: checking whether the C compiler works
configure:3273: gcc    conftest.c  >&5
configure:3277: $? = 0
configure:3325: result: yes
configure:3328: checking for C compiler default output file name
configure:3330: result: a.out
configure:3336: checking for suffix of executables
configure:3343: gcc -o conftest    conftest.c  >&5
configure:3347: $? = 0
configure:3369: result: 
configure:3391: checking whether we are cross compiling
configure:3399: gcc -o conftest    conftest.c  >&5
configure:3403: $? = 0
configure:3410: ./conftest
configure:3414: $? = 0
configure:3429: result: no
configure:3434: checking for suffix of object files
configure:3456: gcc -c   conftest.c >&5
configure:3460: $? = 0
configure:3481: result: o
configure:3485: checking whether we are using the GNU C compiler
configure:3504: gcc -c   conftest.c >&5
configure:3504: $? = 0
configure:3513: result: yes
configure:3522: checking whether gcc accepts -g
configure:3542: gcc -c -g  conftest.c >&5
configure:3542: $? = 0
configure:3583: result: yes
configure:3600: checking for gcc option to accept ISO C89
configure:3663: gcc  -c -g -O2  conftest.c >&5
configure:3663: $? = 0
configure:3676: result: none needed
configure:3701: checking whether gcc understands -c and -o together
configure:3723: gcc -c conftest.c -o conftest2.o
configure:3726: $? = 0
configure:3723: gcc -c conftest.c -o conftest2.o
configure:3726: $? = 0
configure:3738: result: yes
configure:3761: checking how to run the C preprocessor
configure:3792: gcc -E  conftest.c
configure:3792: $? = 0
configure:3806: gcc -E  conftest.c
conftest.c:9:28: fatal error: ac_nonexistent.h: No such file or directory
 #include <ac_nonexistent.h>
                            ^
compilation terminated.
configure:3806: $? = 1
configure: failed program was:
| /* confdefs.h */
| #define PACKAGE_NAME "Bino"
| #define PACKAGE_TARNAME "bino"
| #define PACKAGE_VERSION "1.5.0"
| #define PACKAGE_STRING "Bino 1.5.0"
| #define PACKAGE_BUGREPORT "bino-list@nongnu.org"
| #define PACKAGE_URL "http://bino3d.org/"
| /* end confdefs.h.  */
| #include <ac_nonexistent.h>
configure:3831: result: gcc -E
configure:3851: gcc -E  conftest.c
configure:3851: $? = 0
configure:3865: gcc -E  conftest.c
conftest.c:9:28: fatal error: ac_nonexistent.h: No such file or directory
 #include <ac_nonexistent.h>
                            ^
compilation terminated.
configure:3865: $? = 1
configure: failed program was:
| /* confdefs.h */
| #define PACKAGE_NAME "Bino"
| #define PACKAGE_TARNAME "bino"
| #define PACKAGE_VERSION "1.5.0"
| #define PACKAGE_STRING "Bino 1.5.0"
| #define PACKAGE_BUGREPORT "bino-list@nongnu.org"
| #define PACKAGE_URL "http://bino3d.org/"
| /* end confdefs.h.  */
| #include <ac_nonexistent.h>
configure:3894: checking for grep that handles long lines and -e
configure:3952: result: /bin/grep
configure:3957: checking for egrep
configure:4019: result: /bin/grep -E
configure:4024: checking for ANSI C header files
configure:4044: gcc -c -g -O2  conftest.c >&5
configure:4044: $? = 0
configure:4117: gcc -o conftest -g -O2   conftest.c  >&5
configure:4117: $? = 0
configure:4117: ./conftest
configure:4117: $? = 0
configure:4128: result: yes
configure:4141: checking for sys/types.h
configure:4141: gcc -c -g -O2  conftest.c >&5
configure:4141: $? = 0
configure:4141: result: yes
configure:4141: checking for sys/stat.h
configure:4141: gcc -c -g -O2  conftest.c >&5
configure:4141: $? = 0
configure:4141: result: yes
configure:4141: checking for stdlib.h
configure:4141: gcc -c -g -O2  conftest.c >&5
configure:4141: $? = 0
configure:4141: result: yes
configure:4141: checking for string.h
configure:4141: gcc -c -g -O2  conftest.c >&5
configure:4141: $? = 0
configure:4141: result: yes
configure:4141: checking for memory.h
configure:4141: gcc -c -g -O2  conftest.c >&5
configure:4141: $? = 0
configure:4141: result: yes
configure:4141: checking for strings.h
configure:4141: gcc -c -g -O2  conftest.c >&5
configure:4141: $? = 0
configure:4141: result: yes
configure:4141: checking for inttypes.h
configure:4141: gcc -c -g -O2  conftest.c >&5
configure:4141: $? = 0
configure:4141: result: yes
configure:4141: checking for stdint.h
configure:4141: gcc -c -g -O2  conftest.c >&5
configure:4141: $? = 0
configure:4141: result: yes
configure:4141: checking for unistd.h
configure:4141: gcc -c -g -O2  conftest.c >&5
configure:4141: $? = 0
configure:4141: result: yes
configure:4154: checking minix/config.h usability
configure:4154: gcc -c -g -O2  conftest.c >&5
conftest.c:52:26: fatal error: minix/config.h: No such file or directory
 #include <minix/config.h>
                          ^
compilation terminated.
configure:4154: $? = 1
configure: failed program was:
| /* confdefs.h */
| #define PACKAGE_NAME "Bino"
| #define PACKAGE_TARNAME "bino"
| #define PACKAGE_VERSION "1.5.0"
| #define PACKAGE_STRING "Bino 1.5.0"
| #define PACKAGE_BUGREPORT "bino-list@nongnu.org"
| #define PACKAGE_URL "http://bino3d.org/"
| #define STDC_HEADERS 1
| #define HAVE_SYS_TYPES_H 1
| #define HAVE_SYS_STAT_H 1
| #define HAVE_STDLIB_H 1
| #define HAVE_STRING_H 1
| #define HAVE_MEMORY_H 1
| #define HAVE_STRINGS_H 1
| #define HAVE_INTTYPES_H 1
| #define HAVE_STDINT_H 1
| #define HAVE_UNISTD_H 1
| /* end confdefs.h.  */
| #include <stdio.h>
| #ifdef HAVE_SYS_TYPES_H
| # include <sys/types.h>
| #endif
| #ifdef HAVE_SYS_STAT_H
| # include <sys/stat.h>
| #endif
| #ifdef STDC_HEADERS
| # include <stdlib.h>
| # include <stddef.h>
| #else
| # ifdef HAVE_STDLIB_H
| #  include <stdlib.h>
| # endif
| #endif
| #ifdef HAVE_STRING_H
| # if !defined STDC_HEADERS && defined HAVE_MEMORY_H
| #  include <memory.h>
| # endif
| # include <string.h>
| #endif
| #ifdef HAVE_STRINGS_H
| # include <strings.h>
| #endif
| #ifdef HAVE_INTTYPES_H
| # include <inttypes.h>
| #endif
| #ifdef HAVE_STDINT_H
| # include <stdint.h>
| #endif
| #ifdef HAVE_UNISTD_H
| # include <unistd.h>
| #endif
| #include <minix/config.h>
configure:4154: result: no
configure:4154: checking minix/config.h presence
configure:4154: gcc -E  conftest.c
conftest.c:19:26: fatal error: minix/config.h: No such file or directory
 #include <minix/config.h>
                          ^
compilation terminated.
configure:4154: $? = 1
configure: failed program was:
| /* confdefs.h */
| #define PACKAGE_NAME "Bino"
| #define PACKAGE_TARNAME "bino"
| #define PACKAGE_VERSION "1.5.0"
| #define PACKAGE_STRING "Bino 1.5.0"
| #define PACKAGE_BUGREPORT "bino-list@nongnu.org"
| #define PACKAGE_URL "http://bino3d.org/"
| #define STDC_HEADERS 1
| #define HAVE_SYS_TYPES_H 1
| #define HAVE_SYS_STAT_H 1
| #define HAVE_STDLIB_H 1
| #define HAVE_STRING_H 1
| #define HAVE_MEMORY_H 1
| #define HAVE_STRINGS_H 1
| #define HAVE_INTTYPES_H 1
| #define HAVE_STDINT_H 1
| #define HAVE_UNISTD_H 1
| /* end confdefs.h.  */
| #include <minix/config.h>
configure:4154: result: no
configure:4154: checking for minix/config.h
configure:4154: result: no
configure:4175: checking whether it is safe to define __EXTENSIONS__
configure:4193: gcc -c -g -O2  conftest.c >&5
configure:4193: $? = 0
configure:4200: result: yes
configure:4221: checking for special C compiler options needed for large files
configure:4266: result: no
configure:4272: checking for _FILE_OFFSET_BITS value needed for large files
configure:4297: gcc -c -g -O2  conftest.c >&5
configure:4297: $? = 0
configure:4329: result: no
configure:4430: checking for a BSD-compatible install
configure:4498: result: /usr/bin/install -c
configure:4509: checking whether build environment is sane
configure:4564: result: yes
configure:4712: checking for a thread-safe mkdir -p
configure:4751: result: /bin/mkdir -p
configure:4758: checking for gawk
configure:4774: found /usr/bin/gawk
configure:4785: result: gawk
configure:4796: checking whether make sets $(MAKE)
configure:4818: result: yes
configure:4848: checking for style of include used by make
configure:4876: result: GNU
configure:4910: checking whether make supports nested variables
configure:4927: result: yes
configure:4944: error: source directory already configured; run "make distclean" there first

## ---------------- ##
## Cache variables. ##
## ---------------- ##

ac_cv_build=x86_64-unknown-linux-gnu
ac_cv_c_compiler_gnu=yes
ac_cv_env_CCC_set=
ac_cv_env_CCC_value=
ac_cv_env_CC_set=
ac_cv_env_CC_value=
ac_cv_env_CFLAGS_set=
ac_cv_env_CFLAGS_value=
ac_cv_env_CPPFLAGS_set=
ac_cv_env_CPPFLAGS_value=
ac_cv_env_CPP_set=
ac_cv_env_CPP_value=
ac_cv_env_CXXCPP_set=
ac_cv_env_CXXCPP_value=
ac_cv_env_CXXFLAGS_set=
ac_cv_env_CXXFLAGS_value=
ac_cv_env_CXX_set=
ac_cv_env_CXX_value=
ac_cv_env_GTK_UPDATE_ICON_CACHE_set=
ac_cv_env_GTK_UPDATE_ICON_CACHE_value=
ac_cv_env_LDFLAGS_set=
ac_cv_env_LDFLAGS_value=
ac_cv_env_LIBS_set=
ac_cv_env_LIBS_value=
ac_cv_env_MAKENSIS_set=
ac_cv_env_MAKENSIS_value=
ac_cv_env_MOC_set=
ac_cv_env_MOC_value=
ac_cv_env_PKG_CONFIG_LIBDIR_set=
ac_cv_env_PKG_CONFIG_LIBDIR_value=
ac_cv_env_PKG_CONFIG_PATH_set=
ac_cv_env_PKG_CONFIG_PATH_value=
ac_cv_env_PKG_CONFIG_set=
ac_cv_env_PKG_CONFIG_value=
ac_cv_env_RCC_set=
ac_cv_env_RCC_value=
ac_cv_env_UPDATE_DESKTOP_DATABASE_set=
ac_cv_env_UPDATE_DESKTOP_DATABASE_value=
ac_cv_env_WINDRES_set=
ac_cv_env_WINDRES_value=
ac_cv_env_build_alias_set=
ac_cv_env_build_alias_value=
ac_cv_env_host_alias_set=
ac_cv_env_host_alias_value=
ac_cv_env_libEqualizer_CFLAGS_set=
ac_cv_env_libEqualizer_CFLAGS_value=
ac_cv_env_libEqualizer_LIBS_set=
ac_cv_env_libEqualizer_LIBS_value=
ac_cv_env_libX11_CFLAGS_set=
ac_cv_env_libX11_CFLAGS_value=
ac_cv_env_libX11_LIBS_set=
ac_cv_env_libX11_LIBS_value=
ac_cv_env_libass_CFLAGS_set=
ac_cv_env_libass_CFLAGS_value=
ac_cv_env_libass_LIBS_set=
ac_cv_env_libass_LIBS_value=
ac_cv_env_libavdevice_CFLAGS_set=
ac_cv_env_libavdevice_CFLAGS_value=
ac_cv_env_libavdevice_LIBS_set=
ac_cv_env_libavdevice_LIBS_value=
ac_cv_env_libavformat_CFLAGS_set=
ac_cv_env_libavformat_CFLAGS_value=
ac_cv_env_libavformat_LIBS_set=
ac_cv_env_libavformat_LIBS_value=
ac_cv_env_libgl_CFLAGS_set=
ac_cv_env_libgl_CFLAGS_value=
ac_cv_env_libgl_LIBS_set=
ac_cv_env_libgl_LIBS_value=
ac_cv_env_libglewmx_CFLAGS_set=
ac_cv_env_libglewmx_CFLAGS_value=
ac_cv_env_libglewmx_LIBS_set=
ac_cv_env_libglewmx_LIBS_value=
ac_cv_env_liblircclient_CFLAGS_set=
ac_cv_env_liblircclient_CFLAGS_value=
ac_cv_env_liblircclient_LIBS_set=
ac_cv_env_liblircclient_LIBS_value=
ac_cv_env_libopenal_CFLAGS_set=
ac_cv_env_libopenal_CFLAGS_value=
ac_cv_env_libopenal_LIBS_set=
ac_cv_env_libopenal_LIBS_value=
ac_cv_env_libqtopengl_CFLAGS_set=
ac_cv_env_libqtopengl_CFLAGS_value=
ac_cv_env_libqtopengl_LIBS_set=
ac_cv_env_libqtopengl_LIBS_value=
ac_cv_env_libswscale_CFLAGS_set=
ac_cv_env_libswscale_CFLAGS_value=
ac_cv_env_libswscale_LIBS_set=
ac_cv_env_libswscale_LIBS_value=
ac_cv_env_target_alias_set=
ac_cv_env_target_alias_value=
ac_cv_header_inttypes_h=yes
ac_cv_header_memory_h=yes
ac_cv_header_minix_config_h=no
ac_cv_header_stdc=yes
ac_cv_header_stdint_h=yes
ac_cv_header_stdlib_h=yes
ac_cv_header_string_h=yes
ac_cv_header_strings_h=yes
ac_cv_header_sys_stat_h=yes
ac_cv_header_sys_types_h=yes
ac_cv_header_unistd_h=yes
ac_cv_host=x86_64-unknown-linux-gnu
ac_cv_objext=o
ac_cv_path_EGREP='/bin/grep -E'
ac_cv_path_GREP=/bin/grep
ac_cv_path_install='/usr/bin/install -c'
ac_cv_path_mkdir=/bin/mkdir
ac_cv_prog_AWK=gawk
ac_cv_prog_CPP='gcc -E'
ac_cv_prog_ac_ct_CC=gcc
ac_cv_prog_cc_c89=
ac_cv_prog_cc_g=yes
ac_cv_prog_make_make_set=yes
ac_cv_safe_to_define___extensions__=yes
ac_cv_sys_file_offset_bits=no
ac_cv_sys_largefile_CC=no
ac_cv_target=x86_64-unknown-linux-gnu
am_cv_make_support_nested_variables=yes
am_cv_prog_cc_c_o=yes

## ----------------- ##
## Output variables. ##
## ----------------- ##

ACLOCAL=''
AMDEPBACKSLASH='\'
AMDEP_FALSE='#'
AMDEP_TRUE=''
AMTAR=''
AM_BACKSLASH='\'
AM_DEFAULT_V='$(AM_DEFAULT_VERBOSITY)'
AM_DEFAULT_VERBOSITY='1'
AM_V='$(V)'
AUTOCONF=''
AUTOHEADER=''
AUTOMAKE=''
AWK='gawk'
CC='gcc'
CCDEPMODE=''
CFLAGS='-g -O2'
CPP='gcc -E'
CPPFLAGS=''
CXX=''
CXXCPP=''
CXXDEPMODE=''
CXXFLAGS=''
CYGPATH_W=''
DEFS=''
DEPDIR='.deps'
ECHO_C=''
ECHO_N='-n'
ECHO_T=''
EGREP='/bin/grep -E'
EXEEXT=''
GETTEXT_MACRO_VERSION=''
GMSGFMT=''
GMSGFMT_015=''
GREP='/bin/grep'
GTK_UPDATE_ICON_CACHE=''
HAVE_LIBEQUALIZER_FALSE=''
HAVE_LIBEQUALIZER_TRUE=''
HAVE_LIBGLEWMX_FALSE=''
HAVE_LIBGLEWMX_TRUE=''
HAVE_LIBLIRCCLIENT_FALSE=''
HAVE_LIBLIRCCLIENT_TRUE=''
HAVE_LIBXNVCTRL_FALSE=''
HAVE_LIBXNVCTRL_TRUE=''
HAVE_MAKENSIS_FALSE=''
HAVE_MAKENSIS_TRUE=''
INSTALL_DATA='${INSTALL} -m 644'
INSTALL_PROGRAM='${INSTALL}'
INSTALL_SCRIPT='${INSTALL}'
INSTALL_STRIP_PROGRAM='$(install_sh) -c -s'
INTLLIBS=''
INTL_MACOSX_LIBS=''
LDFLAGS=''
LIBICONV=''
LIBINTL=''
LIBOBJS=''
LIBS=''
LN_S=''
LTLIBICONV=''
LTLIBINTL=''
LTLIBOBJS=''
MAKEINFO=''
MAKENSIS=''
MKDIR_P='/bin/mkdir -p'
MOC=''
MSGFMT=''
MSGFMT_015=''
MSGMERGE=''
OBJEXT='o'
PACKAGE=''
PACKAGE_BUGREPORT='bino-list@nongnu.org'
PACKAGE_NAME='Bino'
PACKAGE_STRING='Bino 1.5.0'
PACKAGE_TARNAME='bino'
PACKAGE_URL='http://bino3d.org/'
PACKAGE_VERSION='1.5.0'
PATH_SEPARATOR=':'
PKG_CONFIG=''
PKG_CONFIG_LIBDIR=''
PKG_CONFIG_PATH=''
POSUB=''
RANLIB=''
RCC=''
SED=''
SET_MAKE=''
SHELL='/bin/bash'
STRIP=''
UPDATE_DESKTOP_DATABASE=''
USE_NLS=''
VERSION=''
W32_FALSE=''
W32_TRUE=''
WINDRES=''
XGETTEXT=''
XGETTEXT_015=''
XGETTEXT_EXTRA_OPTIONS=''
ac_ct_CC='gcc'
ac_ct_CXX=''
ac_ct_MAKENSIS=''
ac_ct_MOC=''
ac_ct_RCC=''
ac_ct_WINDRES=''
am__EXEEXT_FALSE=''
am__EXEEXT_TRUE=''
am__fastdepCC_FALSE=''
am__fastdepCC_TRUE=''
am__fastdepCXX_FALSE=''
am__fastdepCXX_TRUE=''
am__include='include'
am__isrc=' -I$(srcdir)'
am__leading_dot='.'
am__nodep='_no'
am__quote=''
am__tar=''
am__untar=''
bindir='${exec_prefix}/bin'
build='x86_64-unknown-linux-gnu'
build_alias=''
build_cpu='x86_64'
build_os='linux-gnu'
build_vendor='unknown'
datadir='${datarootdir}'
datarootdir='${prefix}/share'
docdir='${datarootdir}/doc/${PACKAGE_TARNAME}'
dvidir='${docdir}'
exec_prefix='NONE'
host='x86_64-unknown-linux-gnu'
host_alias=''
host_cpu='x86_64'
host_os='linux-gnu'
host_vendor='unknown'
htmldir='${docdir}'
includedir='${prefix}/include'
infodir='${datarootdir}/info'
install_sh='${SHELL} /home/dasumba/temp/bino/build-aux/install-sh'
libEqualizer_CFLAGS=''
libEqualizer_LIBS=''
libX11_CFLAGS=''
libX11_LIBS=''
libass_CFLAGS=''
libass_LIBS=''
libavdevice_CFLAGS=''
libavdevice_LIBS=''
libavformat_CFLAGS=''
libavformat_LIBS=''
libdir='${exec_prefix}/lib'
libexecdir='${exec_prefix}/libexec'
libgl_CFLAGS=''
libgl_LIBS=''
libglewmx_CFLAGS=''
libglewmx_LIBS=''
liblircclient_CFLAGS=''
liblircclient_LIBS=''
libopenal_CFLAGS=''
libopenal_LIBS=''
libqtopengl_CFLAGS=''
libqtopengl_LIBS=''
libswscale_CFLAGS=''
libswscale_LIBS=''
localedir='${datarootdir}/locale'
localstatedir='${prefix}/var'
mandir='${datarootdir}/man'
mkdir_p=''
oldincludedir='/usr/include'
pdfdir='${docdir}'
prefix='NONE'
program_transform_name='s,x,x,'
psdir='${docdir}'
sbindir='${exec_prefix}/sbin'
sharedstatedir='${prefix}/com'
sysconfdir='${prefix}/etc'
target='x86_64-unknown-linux-gnu'
target_alias=''
target_cpu='x86_64'
target_os='linux-gnu'
target_vendor='unknown'
xnvctrl_CFLAGS=''
xnvctrl_LDFLAGS=''

## ----------- ##
## confdefs.h. ##
## ----------- ##

/* confdefs.h */
#define PACKAGE_NAME "Bino"
#define PACKAGE_TARNAME "bino"
#define PACKAGE_VERSION "1.5.0"
#define PACKAGE_STRING "Bino 1.5.0"
#define PACKAGE_BUGREPORT "bino-list@nongnu.org"
#define PACKAGE_URL "http://bino3d.org/"
#define STDC_HEADERS 1
#define HAVE_SYS_TYPES_H 1
#define HAVE_SYS_STAT_H 1
#define HAVE_STDLIB_H 1
#define HAVE_STRING_H 1
#define HAVE_MEMORY_H 1
#define HAVE_STRINGS_H 1
#define HAVE_INTTYPES_H 1
#define HAVE_STDINT_H 1
#define HAVE_UNISTD_H 1
#define __EXTENSIONS__ 1
#define _ALL_SOURCE 1
#define _GNU_SOURCE 1
#define _POSIX_PTHREAD_SEMANTICS 1
#define _TANDEM_SOURCE 1

configure: exit 1
